[0.028s] Invoking command in '/home/jaguar/桌面/A10_Dual_Linux/build/a10_dual': CMAKE_PREFIX_PATH=/opt/ros/humble /usr/bin/cmake /home/jaguar/桌面/A10_Dual_Linux/src/a10_dual -DCMAKE_INSTALL_PREFIX=/home/jaguar/桌面/A10_Dual_Linux/install/a10_dual
[0.545s] -- The C compiler identification is GNU 11.4.0
[0.909s] -- The CXX compiler identification is GNU 11.4.0
[0.940s] -- Detecting C compiler ABI info
[1.247s] -- Detecting C compiler ABI info - done
[1.259s] -- Check for working C compiler: /usr/bin/cc - skipped
[1.260s] -- Detecting C compile features
[1.262s] -- Detecting C compile features - done
[1.269s] -- Detecting CXX compiler ABI info
[1.542s] -- Detecting CXX compiler ABI info - done
[1.557s] -- Check for working CXX compiler: /usr/bin/c++ - skipped
[1.558s] -- Detecting CXX compile features
[1.559s] -- Detecting CXX compile features - done
[1.599s] -- Found ament_cmake: 1.3.10 (/opt/ros/humble/share/ament_cmake/cmake)
[1.944s] -- Found Python3: /usr/bin/python3 (found version "3.10.12") found components: Interpreter 
[2.165s] -- Found rclcpp: 16.0.10 (/opt/ros/humble/share/rclcpp/cmake)
[2.330s] -- Found rosidl_generator_c: 3.1.5 (/opt/ros/humble/share/rosidl_generator_c/cmake)
[2.351s] -- Found rosidl_adapter: 3.1.5 (/opt/ros/humble/share/rosidl_adapter/cmake)
[2.378s] -- Found rosidl_generator_cpp: 3.1.5 (/opt/ros/humble/share/rosidl_generator_cpp/cmake)
[2.427s] -- Using all available rosidl_typesupport_c: rosidl_typesupport_fastrtps_c;rosidl_typesupport_introspection_c
[2.495s] -- Using all available rosidl_typesupport_cpp: rosidl_typesupport_fastrtps_cpp;rosidl_typesupport_introspection_cpp
[2.647s] -- Found rmw_implementation_cmake: 6.1.2 (/opt/ros/humble/share/rmw_implementation_cmake/cmake)
[2.666s] -- Found rmw_fastrtps_cpp: 6.2.7 (/opt/ros/humble/share/rmw_fastrtps_cpp/cmake)
[3.014s] -- Found OpenSSL: /usr/lib/x86_64-linux-gnu/libcrypto.so (found version "3.0.2")  
[3.072s] -- Found FastRTPS: /opt/ros/humble/include  
[3.139s] -- Using RMW implementation 'rmw_fastrtps_cpp' as default
[3.169s] -- Looking for pthread.h
[3.411s] -- Looking for pthread.h - found
[3.414s] -- Performing Test CMAKE_HAVE_LIBC_PTHREAD
[3.668s] -- Performing Test CMAKE_HAVE_LIBC_PTHREAD - Success
[3.673s] -- Found Threads: TRUE  
[3.826s] -- Found sensor_msgs: 4.2.4 (/opt/ros/humble/share/sensor_msgs/cmake)
[3.937s] -- Found ament_lint_auto: 0.12.11 (/opt/ros/humble/share/ament_lint_auto/cmake)
[4.091s] -- Added test 'cppcheck' to perform static code analysis on C / C++ code
[4.091s] -- Configured cppcheck include dirs: 
[4.092s] -- Configured cppcheck exclude dirs and/or files: 
[4.094s] -- Added test 'lint_cmake' to check CMake code style
[4.100s] -- Added test 'uncrustify' to check C / C++ code style
[4.100s] -- Configured uncrustify additional arguments: 
[4.101s] -- Added test 'xmllint' to check XML markup files
[4.104s] -- Configuring done
[4.144s] -- Generating done
[4.147s] -- Build files have been written to: /home/jaguar/桌面/A10_Dual_Linux/build/a10_dual
[4.176s] Invoked command in '/home/jaguar/桌面/A10_Dual_Linux/build/a10_dual' returned '0': CMAKE_PREFIX_PATH=/opt/ros/humble /usr/bin/cmake /home/jaguar/桌面/A10_Dual_Linux/src/a10_dual -DCMAKE_INSTALL_PREFIX=/home/jaguar/桌面/A10_Dual_Linux/install/a10_dual
[4.193s] Invoking command in '/home/jaguar/桌面/A10_Dual_Linux/build/a10_dual': CMAKE_PREFIX_PATH=/opt/ros/humble /usr/bin/cmake --build /home/jaguar/桌面/A10_Dual_Linux/build/a10_dual -- -j10 -l10
[4.368s] [ 20%] [32mBuilding CXX object CMakeFiles/a10_dual.dir/src/main.cpp.o[0m
[4.370s] [ 40%] [32mBuilding CXX object CMakeFiles/a10_dual.dir/src/aris_node.cpp.o[0m
[4.371s] [ 60%] [32mBuilding CXX object CMakeFiles/a10_dual.dir/src/robot.cpp.o[0m
[4.372s] [ 80%] [32mBuilding CXX object CMakeFiles/a10_dual.dir/src/plan.cpp.o[0m
[17.232s] [100%] [32m[1mLinking CXX executable a10_dual[0m
[18.477s] [100%] Built target a10_dual
[18.514s] Invoked command in '/home/jaguar/桌面/A10_Dual_Linux/build/a10_dual' returned '0': CMAKE_PREFIX_PATH=/opt/ros/humble /usr/bin/cmake --build /home/jaguar/桌面/A10_Dual_Linux/build/a10_dual -- -j10 -l10
[18.701s] Invoking command in '/home/jaguar/桌面/A10_Dual_Linux/build/a10_dual': CMAKE_PREFIX_PATH=/opt/ros/humble /usr/bin/cmake --install /home/jaguar/桌面/A10_Dual_Linux/build/a10_dual
[18.738s] -- Install configuration: ""
[18.738s] -- Installing: /home/jaguar/桌面/A10_Dual_Linux/install/a10_dual/lib/a10_dual/a10_dual
[18.747s] -- Set runtime path of "/home/jaguar/桌面/A10_Dual_Linux/install/a10_dual/lib/a10_dual/a10_dual" to ""
[18.747s] -- Installing: /home/jaguar/桌面/A10_Dual_Linux/install/a10_dual/share/a10_dual/xml
[18.748s] -- Installing: /home/jaguar/桌面/A10_Dual_Linux/install/a10_dual/share/a10_dual/xml/cs.xml
[18.749s] -- Installing: /home/jaguar/桌面/A10_Dual_Linux/install/a10_dual/share/a10_dual/xml/A10Dual2.xml
[18.753s] -- Installing: /home/jaguar/桌面/A10_Dual_Linux/install/a10_dual/share/a10_dual/xml/A10Dual.xml
[18.756s] -- Installing: /home/jaguar/桌面/A10_Dual_Linux/install/a10_dual/share/ament_index/resource_index/package_run_dependencies/a10_dual
[18.757s] -- Installing: /home/jaguar/桌面/A10_Dual_Linux/install/a10_dual/share/ament_index/resource_index/parent_prefix_path/a10_dual
[18.758s] -- Installing: /home/jaguar/桌面/A10_Dual_Linux/install/a10_dual/share/a10_dual/environment/ament_prefix_path.sh
[18.759s] -- Installing: /home/jaguar/桌面/A10_Dual_Linux/install/a10_dual/share/a10_dual/environment/ament_prefix_path.dsv
[18.759s] -- Installing: /home/jaguar/桌面/A10_Dual_Linux/install/a10_dual/share/a10_dual/environment/path.sh
[18.760s] -- Installing: /home/jaguar/桌面/A10_Dual_Linux/install/a10_dual/share/a10_dual/environment/path.dsv
[18.760s] -- Installing: /home/jaguar/桌面/A10_Dual_Linux/install/a10_dual/share/a10_dual/local_setup.bash
[18.761s] -- Installing: /home/jaguar/桌面/A10_Dual_Linux/install/a10_dual/share/a10_dual/local_setup.sh
[18.762s] -- Installing: /home/jaguar/桌面/A10_Dual_Linux/install/a10_dual/share/a10_dual/local_setup.zsh
[18.762s] -- Installing: /home/jaguar/桌面/A10_Dual_Linux/install/a10_dual/share/a10_dual/local_setup.dsv
[18.763s] -- Installing: /home/jaguar/桌面/A10_Dual_Linux/install/a10_dual/share/a10_dual/package.dsv
[18.763s] -- Installing: /home/jaguar/桌面/A10_Dual_Linux/install/a10_dual/share/ament_index/resource_index/packages/a10_dual
[18.764s] -- Installing: /home/jaguar/桌面/A10_Dual_Linux/install/a10_dual/share/a10_dual/cmake/a10_dualConfig.cmake
[18.765s] -- Installing: /home/jaguar/桌面/A10_Dual_Linux/install/a10_dual/share/a10_dual/cmake/a10_dualConfig-version.cmake
[18.765s] -- Installing: /home/jaguar/桌面/A10_Dual_Linux/install/a10_dual/share/a10_dual/package.xml
[18.768s] Invoked command in '/home/jaguar/桌面/A10_Dual_Linux/build/a10_dual' returned '0': CMAKE_PREFIX_PATH=/opt/ros/humble /usr/bin/cmake --install /home/jaguar/桌面/A10_Dual_Linux/build/a10_dual
