[0.185s] DEBUG:colcon:Command line arguments: ['/usr/bin/colcon', 'build']
[0.185s] DEBUG:colcon:Parsed command line arguments: Namespace(log_base=None, log_level=None, verb_name='build', build_base='build', install_base='install', merge_install=False, symlink_install=False, test_result_base=None, continue_on_error=False, executor='parallel', parallel_workers=10, event_handlers=None, ignore_user_meta=False, metas=['./colcon.meta'], base_paths=['.'], packages_ignore=None, packages_ignore_regex=None, paths=None, packages_up_to=None, packages_up_to_regex=None, packages_above=None, packages_above_and_dependencies=None, packages_above_depth=None, packages_select_by_dep=None, packages_skip_by_dep=None, packages_skip_up_to=None, packages_select_build_failed=False, packages_skip_build_finished=False, packages_select_test_failures=False, packages_skip_test_passed=False, packages_select=None, packages_skip=None, packages_select_regex=None, packages_skip_regex=None, packages_start=None, packages_end=None, allow_overriding=[], cmake_args=None, cmake_target=None, cmake_target_skip_unavailable=False, cmake_clean_cache=False, cmake_clean_first=False, cmake_force_configure=False, ament_cmake_args=None, catkin_cmake_args=None, catkin_skip_building_tests=False, verb_parser=<colcon_defaults.argument_parser.defaults.DefaultArgumentsDecorator object at 0x72f5d9bfbc70>, verb_extension=<colcon_core.verb.build.BuildVerb object at 0x72f5d9bfb730>, main=<bound method BuildVerb.main of <colcon_core.verb.build.BuildVerb object at 0x72f5d9bfb730>>)
[0.506s] Level 1:colcon.colcon_core.package_discovery:discover_packages(colcon_meta) check parameters
[0.508s] Level 1:colcon.colcon_core.package_discovery:discover_packages(recursive) check parameters
[0.508s] Level 1:colcon.colcon_core.package_discovery:discover_packages(ignore) check parameters
[0.508s] Level 1:colcon.colcon_core.package_discovery:discover_packages(path) check parameters
[0.508s] Level 1:colcon.colcon_core.package_discovery:discover_packages(colcon_meta) discover
[0.508s] Level 1:colcon.colcon_core.package_discovery:discover_packages(recursive) discover
[0.509s] INFO:colcon.colcon_core.package_discovery:Crawling recursively for packages in '/home/jaguar/桌面/A10_Dual_Linux'
[0.509s] Level 1:colcon.colcon_core.package_identification:_identify(.) by extensions ['ignore', 'ignore_ament_install']
[0.509s] Level 1:colcon.colcon_core.package_identification:_identify(.) by extension 'ignore'
[0.510s] Level 1:colcon.colcon_core.package_identification:_identify(.) by extension 'ignore_ament_install'
[0.510s] Level 1:colcon.colcon_core.package_identification:_identify(.) by extensions ['colcon_pkg']
[0.510s] Level 1:colcon.colcon_core.package_identification:_identify(.) by extension 'colcon_pkg'
[0.510s] Level 1:colcon.colcon_core.package_identification:_identify(.) by extensions ['colcon_meta']
[0.510s] Level 1:colcon.colcon_core.package_identification:_identify(.) by extension 'colcon_meta'
[0.510s] Level 1:colcon.colcon_core.package_identification:_identify(.) by extensions ['ros']
[0.510s] Level 1:colcon.colcon_core.package_identification:_identify(.) by extension 'ros'
[0.533s] Level 1:colcon.colcon_core.package_identification:_identify(.) by extensions ['cmake', 'python']
[0.533s] Level 1:colcon.colcon_core.package_identification:_identify(.) by extension 'cmake'
[0.533s] Level 1:colcon.colcon_core.package_identification:_identify(.) by extension 'python'
[0.533s] Level 1:colcon.colcon_core.package_identification:_identify(.) by extensions ['python_setup_py']
[0.534s] Level 1:colcon.colcon_core.package_identification:_identify(.) by extension 'python_setup_py'
[0.534s] Level 1:colcon.colcon_core.package_identification:_identify(build) by extensions ['ignore', 'ignore_ament_install']
[0.534s] Level 1:colcon.colcon_core.package_identification:_identify(build) by extension 'ignore'
[0.534s] Level 1:colcon.colcon_core.package_identification:_identify(build) ignored
[0.534s] Level 1:colcon.colcon_core.package_identification:_identify(install) by extensions ['ignore', 'ignore_ament_install']
[0.534s] Level 1:colcon.colcon_core.package_identification:_identify(install) by extension 'ignore'
[0.534s] Level 1:colcon.colcon_core.package_identification:_identify(install) ignored
[0.535s] Level 1:colcon.colcon_core.package_identification:_identify(log) by extensions ['ignore', 'ignore_ament_install']
[0.535s] Level 1:colcon.colcon_core.package_identification:_identify(log) by extension 'ignore'
[0.535s] Level 1:colcon.colcon_core.package_identification:_identify(log) ignored
[0.535s] Level 1:colcon.colcon_core.package_identification:_identify(src) by extensions ['ignore', 'ignore_ament_install']
[0.535s] Level 1:colcon.colcon_core.package_identification:_identify(src) by extension 'ignore'
[0.535s] Level 1:colcon.colcon_core.package_identification:_identify(src) by extension 'ignore_ament_install'
[0.535s] Level 1:colcon.colcon_core.package_identification:_identify(src) by extensions ['colcon_pkg']
[0.536s] Level 1:colcon.colcon_core.package_identification:_identify(src) by extension 'colcon_pkg'
[0.536s] Level 1:colcon.colcon_core.package_identification:_identify(src) by extensions ['colcon_meta']
[0.536s] Level 1:colcon.colcon_core.package_identification:_identify(src) by extension 'colcon_meta'
[0.536s] Level 1:colcon.colcon_core.package_identification:_identify(src) by extensions ['ros']
[0.536s] Level 1:colcon.colcon_core.package_identification:_identify(src) by extension 'ros'
[0.536s] Level 1:colcon.colcon_core.package_identification:_identify(src) by extensions ['cmake', 'python']
[0.536s] Level 1:colcon.colcon_core.package_identification:_identify(src) by extension 'cmake'
[0.536s] Level 1:colcon.colcon_core.package_identification:_identify(src) by extension 'python'
[0.536s] Level 1:colcon.colcon_core.package_identification:_identify(src) by extensions ['python_setup_py']
[0.536s] Level 1:colcon.colcon_core.package_identification:_identify(src) by extension 'python_setup_py'
[0.537s] Level 1:colcon.colcon_core.package_identification:_identify(src/a10_dual) by extensions ['ignore', 'ignore_ament_install']
[0.537s] Level 1:colcon.colcon_core.package_identification:_identify(src/a10_dual) by extension 'ignore'
[0.537s] Level 1:colcon.colcon_core.package_identification:_identify(src/a10_dual) by extension 'ignore_ament_install'
[0.537s] Level 1:colcon.colcon_core.package_identification:_identify(src/a10_dual) by extensions ['colcon_pkg']
[0.537s] Level 1:colcon.colcon_core.package_identification:_identify(src/a10_dual) by extension 'colcon_pkg'
[0.537s] Level 1:colcon.colcon_core.package_identification:_identify(src/a10_dual) by extensions ['colcon_meta']
[0.537s] Level 1:colcon.colcon_core.package_identification:_identify(src/a10_dual) by extension 'colcon_meta'
[0.537s] Level 1:colcon.colcon_core.package_identification:_identify(src/a10_dual) by extensions ['ros']
[0.538s] Level 1:colcon.colcon_core.package_identification:_identify(src/a10_dual) by extension 'ros'
[0.541s] DEBUG:colcon.colcon_core.package_identification:Package 'src/a10_dual' with type 'ros.ament_cmake' and name 'a10_dual'
[0.541s] Level 1:colcon.colcon_core.package_identification:_identify(src/dualarm) by extensions ['ignore', 'ignore_ament_install']
[0.541s] Level 1:colcon.colcon_core.package_identification:_identify(src/dualarm) by extension 'ignore'
[0.541s] Level 1:colcon.colcon_core.package_identification:_identify(src/dualarm) by extension 'ignore_ament_install'
[0.542s] Level 1:colcon.colcon_core.package_identification:_identify(src/dualarm) by extensions ['colcon_pkg']
[0.542s] Level 1:colcon.colcon_core.package_identification:_identify(src/dualarm) by extension 'colcon_pkg'
[0.542s] Level 1:colcon.colcon_core.package_identification:_identify(src/dualarm) by extensions ['colcon_meta']
[0.542s] Level 1:colcon.colcon_core.package_identification:_identify(src/dualarm) by extension 'colcon_meta'
[0.542s] Level 1:colcon.colcon_core.package_identification:_identify(src/dualarm) by extensions ['ros']
[0.542s] Level 1:colcon.colcon_core.package_identification:_identify(src/dualarm) by extension 'ros'
[0.543s] DEBUG:colcon.colcon_core.package_identification:Package 'src/dualarm' with type 'ros.ament_cmake' and name 'dualarm'
[0.543s] Level 1:colcon.colcon_core.package_discovery:discover_packages(recursive) using defaults
[0.543s] Level 1:colcon.colcon_core.package_discovery:discover_packages(ignore) discover
[0.543s] Level 1:colcon.colcon_core.package_discovery:discover_packages(ignore) using defaults
[0.543s] Level 1:colcon.colcon_core.package_discovery:discover_packages(path) discover
[0.543s] Level 1:colcon.colcon_core.package_discovery:discover_packages(path) using defaults
[0.571s] Level 1:colcon.colcon_core.package_discovery:discover_packages(prefix_path) check parameters
[0.572s] Level 1:colcon.colcon_core.package_discovery:discover_packages(prefix_path) discover
[0.578s] DEBUG:colcon.colcon_installed_package_information.package_discovery:Found 272 installed packages in /opt/ros/humble
[0.580s] Level 1:colcon.colcon_core.package_discovery:discover_packages(prefix_path) using defaults
[0.656s] Level 5:colcon.colcon_core.verb:set package 'a10_dual' build argument 'cmake_args' from command line to 'None'
[0.656s] Level 5:colcon.colcon_core.verb:set package 'a10_dual' build argument 'cmake_target' from command line to 'None'
[0.656s] Level 5:colcon.colcon_core.verb:set package 'a10_dual' build argument 'cmake_target_skip_unavailable' from command line to 'False'
[0.656s] Level 5:colcon.colcon_core.verb:set package 'a10_dual' build argument 'cmake_clean_cache' from command line to 'False'
[0.656s] Level 5:colcon.colcon_core.verb:set package 'a10_dual' build argument 'cmake_clean_first' from command line to 'False'
[0.656s] Level 5:colcon.colcon_core.verb:set package 'a10_dual' build argument 'cmake_force_configure' from command line to 'False'
[0.657s] Level 5:colcon.colcon_core.verb:set package 'a10_dual' build argument 'ament_cmake_args' from command line to 'None'
[0.657s] Level 5:colcon.colcon_core.verb:set package 'a10_dual' build argument 'catkin_cmake_args' from command line to 'None'
[0.657s] Level 5:colcon.colcon_core.verb:set package 'a10_dual' build argument 'catkin_skip_building_tests' from command line to 'False'
[0.657s] DEBUG:colcon.colcon_core.verb:Building package 'a10_dual' with the following arguments: {'ament_cmake_args': None, 'build_base': '/home/jaguar/桌面/A10_Dual_Linux/build/a10_dual', 'catkin_cmake_args': None, 'catkin_skip_building_tests': False, 'cmake_args': None, 'cmake_clean_cache': False, 'cmake_clean_first': False, 'cmake_force_configure': False, 'cmake_target': None, 'cmake_target_skip_unavailable': False, 'install_base': '/home/jaguar/桌面/A10_Dual_Linux/install/a10_dual', 'merge_install': False, 'path': '/home/jaguar/桌面/A10_Dual_Linux/src/a10_dual', 'symlink_install': False, 'test_result_base': None}
[0.657s] Level 5:colcon.colcon_core.verb:set package 'dualarm' build argument 'cmake_args' from command line to 'None'
[0.657s] Level 5:colcon.colcon_core.verb:set package 'dualarm' build argument 'cmake_target' from command line to 'None'
[0.657s] Level 5:colcon.colcon_core.verb:set package 'dualarm' build argument 'cmake_target_skip_unavailable' from command line to 'False'
[0.657s] Level 5:colcon.colcon_core.verb:set package 'dualarm' build argument 'cmake_clean_cache' from command line to 'False'
[0.657s] Level 5:colcon.colcon_core.verb:set package 'dualarm' build argument 'cmake_clean_first' from command line to 'False'
[0.657s] Level 5:colcon.colcon_core.verb:set package 'dualarm' build argument 'cmake_force_configure' from command line to 'False'
[0.657s] Level 5:colcon.colcon_core.verb:set package 'dualarm' build argument 'ament_cmake_args' from command line to 'None'
[0.658s] Level 5:colcon.colcon_core.verb:set package 'dualarm' build argument 'catkin_cmake_args' from command line to 'None'
[0.658s] Level 5:colcon.colcon_core.verb:set package 'dualarm' build argument 'catkin_skip_building_tests' from command line to 'False'
[0.658s] DEBUG:colcon.colcon_core.verb:Building package 'dualarm' with the following arguments: {'ament_cmake_args': None, 'build_base': '/home/jaguar/桌面/A10_Dual_Linux/build/dualarm', 'catkin_cmake_args': None, 'catkin_skip_building_tests': False, 'cmake_args': None, 'cmake_clean_cache': False, 'cmake_clean_first': False, 'cmake_force_configure': False, 'cmake_target': None, 'cmake_target_skip_unavailable': False, 'install_base': '/home/jaguar/桌面/A10_Dual_Linux/install/dualarm', 'merge_install': False, 'path': '/home/jaguar/桌面/A10_Dual_Linux/src/dualarm', 'symlink_install': False, 'test_result_base': None}
[0.658s] INFO:colcon.colcon_core.executor:Executing jobs using 'parallel' executor
[0.660s] DEBUG:colcon.colcon_parallel_executor.executor.parallel:run_until_complete
[0.661s] INFO:colcon.colcon_ros.task.ament_cmake.build:Building ROS package in '/home/jaguar/桌面/A10_Dual_Linux/src/a10_dual' with build type 'ament_cmake'
[0.661s] INFO:colcon.colcon_cmake.task.cmake.build:Building CMake package in '/home/jaguar/桌面/A10_Dual_Linux/src/a10_dual'
[0.666s] INFO:colcon.colcon_core.plugin_system:Skipping extension 'colcon_core.shell.bat': Not used on non-Windows systems
[0.666s] INFO:colcon.colcon_core.shell:Skip shell extension 'powershell' for command environment: Not usable outside of PowerShell
[0.666s] DEBUG:colcon.colcon_core.shell:Skip shell extension 'dsv' for command environment
[0.674s] INFO:colcon.colcon_ros.task.ament_cmake.build:Building ROS package in '/home/jaguar/桌面/A10_Dual_Linux/src/dualarm' with build type 'ament_cmake'
[0.674s] INFO:colcon.colcon_cmake.task.cmake.build:Building CMake package in '/home/jaguar/桌面/A10_Dual_Linux/src/dualarm'
[0.674s] INFO:colcon.colcon_core.shell:Skip shell extension 'powershell' for command environment: Not usable outside of PowerShell
[0.674s] DEBUG:colcon.colcon_core.shell:Skip shell extension 'dsv' for command environment
[0.690s] DEBUG:colcon.colcon_core.event_handler.log_command:Invoking command in '/home/jaguar/桌面/A10_Dual_Linux/build/a10_dual': CMAKE_PREFIX_PATH=/opt/ros/humble /usr/bin/cmake /home/jaguar/桌面/A10_Dual_Linux/src/a10_dual -DCMAKE_INSTALL_PREFIX=/home/jaguar/桌面/A10_Dual_Linux/install/a10_dual
[0.721s] DEBUG:colcon.colcon_core.event_handler.log_command:Invoking command in '/home/jaguar/桌面/A10_Dual_Linux/build/dualarm': CMAKE_PREFIX_PATH=/opt/ros/humble /usr/bin/cmake /home/jaguar/桌面/A10_Dual_Linux/src/dualarm -DCMAKE_INSTALL_PREFIX=/home/jaguar/桌面/A10_Dual_Linux/install/dualarm
[3.069s] DEBUG:colcon.colcon_core.event_handler.log_command:Invoked command in '/home/jaguar/桌面/A10_Dual_Linux/build/dualarm' returned '0': CMAKE_PREFIX_PATH=/opt/ros/humble /usr/bin/cmake /home/jaguar/桌面/A10_Dual_Linux/src/dualarm -DCMAKE_INSTALL_PREFIX=/home/jaguar/桌面/A10_Dual_Linux/install/dualarm
[3.078s] DEBUG:colcon.colcon_core.event_handler.log_command:Invoking command in '/home/jaguar/桌面/A10_Dual_Linux/build/dualarm': CMAKE_PREFIX_PATH=/opt/ros/humble /usr/bin/cmake --build /home/jaguar/桌面/A10_Dual_Linux/build/dualarm -- -j10 -l10
[3.239s] DEBUG:colcon.colcon_core.event_handler.log_command:Invoked command in '/home/jaguar/桌面/A10_Dual_Linux/build/dualarm' returned '0': CMAKE_PREFIX_PATH=/opt/ros/humble /usr/bin/cmake --build /home/jaguar/桌面/A10_Dual_Linux/build/dualarm -- -j10 -l10
[3.399s] DEBUG:colcon.colcon_core.event_handler.log_command:Invoking command in '/home/jaguar/桌面/A10_Dual_Linux/build/dualarm': CMAKE_PREFIX_PATH=/opt/ros/humble /usr/bin/cmake --install /home/jaguar/桌面/A10_Dual_Linux/build/dualarm
[4.837s] DEBUG:colcon.colcon_core.event_handler.log_command:Invoked command in '/home/jaguar/桌面/A10_Dual_Linux/build/a10_dual' returned '0': CMAKE_PREFIX_PATH=/opt/ros/humble /usr/bin/cmake /home/jaguar/桌面/A10_Dual_Linux/src/a10_dual -DCMAKE_INSTALL_PREFIX=/home/jaguar/桌面/A10_Dual_Linux/install/a10_dual
[4.857s] DEBUG:colcon.colcon_core.event_handler.log_command:Invoking command in '/home/jaguar/桌面/A10_Dual_Linux/build/a10_dual': CMAKE_PREFIX_PATH=/opt/ros/humble /usr/bin/cmake --build /home/jaguar/桌面/A10_Dual_Linux/build/a10_dual -- -j10 -l10
[10.976s] Level 1:colcon.colcon_core.environment:create_environment_scripts_only(dualarm)
[10.978s] DEBUG:colcon.colcon_core.event_handler.log_command:Invoked command in '/home/jaguar/桌面/A10_Dual_Linux/build/dualarm' returned '0': CMAKE_PREFIX_PATH=/opt/ros/humble /usr/bin/cmake --install /home/jaguar/桌面/A10_Dual_Linux/build/dualarm
[10.982s] Level 1:colcon.colcon_core.environment:checking '/home/jaguar/桌面/A10_Dual_Linux/install/dualarm' for CMake module files
[10.984s] Level 1:colcon.colcon_core.environment:checking '/home/jaguar/桌面/A10_Dual_Linux/install/dualarm' for CMake config files
[10.985s] Level 1:colcon.colcon_core.shell:create_environment_hook('dualarm', 'cmake_prefix_path')
[10.985s] INFO:colcon.colcon_core.shell:Creating environment hook '/home/jaguar/桌面/A10_Dual_Linux/install/dualarm/share/dualarm/hook/cmake_prefix_path.ps1'
[10.987s] INFO:colcon.colcon_core.shell:Creating environment descriptor '/home/jaguar/桌面/A10_Dual_Linux/install/dualarm/share/dualarm/hook/cmake_prefix_path.dsv'
[10.988s] INFO:colcon.colcon_core.shell:Creating environment hook '/home/jaguar/桌面/A10_Dual_Linux/install/dualarm/share/dualarm/hook/cmake_prefix_path.sh'
[10.990s] Level 1:colcon.colcon_core.environment:checking '/home/jaguar/桌面/A10_Dual_Linux/install/dualarm/bin'
[10.990s] Level 1:colcon.colcon_core.environment:checking '/home/jaguar/桌面/A10_Dual_Linux/install/dualarm/lib/pkgconfig/dualarm.pc'
[10.990s] Level 1:colcon.colcon_core.environment:checking '/home/jaguar/桌面/A10_Dual_Linux/install/dualarm/lib/python3.10/site-packages'
[10.990s] Level 1:colcon.colcon_core.environment:checking '/home/jaguar/桌面/A10_Dual_Linux/install/dualarm/bin'
[10.991s] INFO:colcon.colcon_core.shell:Creating package script '/home/jaguar/桌面/A10_Dual_Linux/install/dualarm/share/dualarm/package.ps1'
[10.992s] INFO:colcon.colcon_core.shell:Creating package descriptor '/home/jaguar/桌面/A10_Dual_Linux/install/dualarm/share/dualarm/package.dsv'
[10.993s] INFO:colcon.colcon_core.shell:Creating package script '/home/jaguar/桌面/A10_Dual_Linux/install/dualarm/share/dualarm/package.sh'
[10.994s] INFO:colcon.colcon_core.shell:Creating package script '/home/jaguar/桌面/A10_Dual_Linux/install/dualarm/share/dualarm/package.bash'
[10.995s] INFO:colcon.colcon_core.shell:Creating package script '/home/jaguar/桌面/A10_Dual_Linux/install/dualarm/share/dualarm/package.zsh'
[10.996s] Level 1:colcon.colcon_core.environment:create_file_with_runtime_dependencies(/home/jaguar/桌面/A10_Dual_Linux/install/dualarm/share/colcon-core/packages/dualarm)
[11.118s] Level 1:colcon.colcon_core.environment:create_environment_scripts_only(dualarm)
[11.118s] Level 1:colcon.colcon_core.environment:checking '/home/jaguar/桌面/A10_Dual_Linux/install/dualarm' for CMake module files
[11.119s] Level 1:colcon.colcon_core.environment:checking '/home/jaguar/桌面/A10_Dual_Linux/install/dualarm' for CMake config files
[11.120s] Level 1:colcon.colcon_core.shell:create_environment_hook('dualarm', 'cmake_prefix_path')
[11.121s] INFO:colcon.colcon_core.shell:Creating environment hook '/home/jaguar/桌面/A10_Dual_Linux/install/dualarm/share/dualarm/hook/cmake_prefix_path.ps1'
[11.122s] INFO:colcon.colcon_core.shell:Creating environment descriptor '/home/jaguar/桌面/A10_Dual_Linux/install/dualarm/share/dualarm/hook/cmake_prefix_path.dsv'
[11.123s] INFO:colcon.colcon_core.shell:Creating environment hook '/home/jaguar/桌面/A10_Dual_Linux/install/dualarm/share/dualarm/hook/cmake_prefix_path.sh'
[11.124s] Level 1:colcon.colcon_core.environment:checking '/home/jaguar/桌面/A10_Dual_Linux/install/dualarm/bin'
[11.124s] Level 1:colcon.colcon_core.environment:checking '/home/jaguar/桌面/A10_Dual_Linux/install/dualarm/lib/pkgconfig/dualarm.pc'
[11.124s] Level 1:colcon.colcon_core.environment:checking '/home/jaguar/桌面/A10_Dual_Linux/install/dualarm/lib/python3.10/site-packages'
[11.125s] Level 1:colcon.colcon_core.environment:checking '/home/jaguar/桌面/A10_Dual_Linux/install/dualarm/bin'
[11.125s] INFO:colcon.colcon_core.shell:Creating package script '/home/jaguar/桌面/A10_Dual_Linux/install/dualarm/share/dualarm/package.ps1'
[11.126s] INFO:colcon.colcon_core.shell:Creating package descriptor '/home/jaguar/桌面/A10_Dual_Linux/install/dualarm/share/dualarm/package.dsv'
[11.127s] INFO:colcon.colcon_core.shell:Creating package script '/home/jaguar/桌面/A10_Dual_Linux/install/dualarm/share/dualarm/package.sh'
[11.128s] INFO:colcon.colcon_core.shell:Creating package script '/home/jaguar/桌面/A10_Dual_Linux/install/dualarm/share/dualarm/package.bash'
[11.128s] INFO:colcon.colcon_core.shell:Creating package script '/home/jaguar/桌面/A10_Dual_Linux/install/dualarm/share/dualarm/package.zsh'
[11.129s] Level 1:colcon.colcon_core.environment:create_file_with_runtime_dependencies(/home/jaguar/桌面/A10_Dual_Linux/install/dualarm/share/colcon-core/packages/dualarm)
[19.193s] DEBUG:colcon.colcon_core.event_handler.log_command:Invoked command in '/home/jaguar/桌面/A10_Dual_Linux/build/a10_dual' returned '0': CMAKE_PREFIX_PATH=/opt/ros/humble /usr/bin/cmake --build /home/jaguar/桌面/A10_Dual_Linux/build/a10_dual -- -j10 -l10
[19.380s] DEBUG:colcon.colcon_core.event_handler.log_command:Invoking command in '/home/jaguar/桌面/A10_Dual_Linux/build/a10_dual': CMAKE_PREFIX_PATH=/opt/ros/humble /usr/bin/cmake --install /home/jaguar/桌面/A10_Dual_Linux/build/a10_dual
[19.447s] Level 1:colcon.colcon_core.environment:create_environment_scripts_only(a10_dual)
[19.448s] DEBUG:colcon.colcon_core.event_handler.log_command:Invoked command in '/home/jaguar/桌面/A10_Dual_Linux/build/a10_dual' returned '0': CMAKE_PREFIX_PATH=/opt/ros/humble /usr/bin/cmake --install /home/jaguar/桌面/A10_Dual_Linux/build/a10_dual
[19.448s] Level 1:colcon.colcon_core.environment:checking '/home/jaguar/桌面/A10_Dual_Linux/install/a10_dual' for CMake module files
[19.450s] Level 1:colcon.colcon_core.environment:checking '/home/jaguar/桌面/A10_Dual_Linux/install/a10_dual' for CMake config files
[19.451s] Level 1:colcon.colcon_core.shell:create_environment_hook('a10_dual', 'cmake_prefix_path')
[19.452s] INFO:colcon.colcon_core.shell:Creating environment hook '/home/jaguar/桌面/A10_Dual_Linux/install/a10_dual/share/a10_dual/hook/cmake_prefix_path.ps1'
[19.452s] INFO:colcon.colcon_core.shell:Creating environment descriptor '/home/jaguar/桌面/A10_Dual_Linux/install/a10_dual/share/a10_dual/hook/cmake_prefix_path.dsv'
[19.453s] INFO:colcon.colcon_core.shell:Creating environment hook '/home/jaguar/桌面/A10_Dual_Linux/install/a10_dual/share/a10_dual/hook/cmake_prefix_path.sh'
[19.454s] Level 1:colcon.colcon_core.environment:checking '/home/jaguar/桌面/A10_Dual_Linux/install/a10_dual/lib'
[19.454s] Level 1:colcon.colcon_core.environment:checking '/home/jaguar/桌面/A10_Dual_Linux/install/a10_dual/bin'
[19.454s] Level 1:colcon.colcon_core.environment:checking '/home/jaguar/桌面/A10_Dual_Linux/install/a10_dual/lib/pkgconfig/a10_dual.pc'
[19.455s] Level 1:colcon.colcon_core.environment:checking '/home/jaguar/桌面/A10_Dual_Linux/install/a10_dual/lib/python3.10/site-packages'
[19.455s] Level 1:colcon.colcon_core.environment:checking '/home/jaguar/桌面/A10_Dual_Linux/install/a10_dual/bin'
[19.455s] INFO:colcon.colcon_core.shell:Creating package script '/home/jaguar/桌面/A10_Dual_Linux/install/a10_dual/share/a10_dual/package.ps1'
[19.456s] INFO:colcon.colcon_core.shell:Creating package descriptor '/home/jaguar/桌面/A10_Dual_Linux/install/a10_dual/share/a10_dual/package.dsv'
[19.457s] INFO:colcon.colcon_core.shell:Creating package script '/home/jaguar/桌面/A10_Dual_Linux/install/a10_dual/share/a10_dual/package.sh'
[19.457s] INFO:colcon.colcon_core.shell:Creating package script '/home/jaguar/桌面/A10_Dual_Linux/install/a10_dual/share/a10_dual/package.bash'
[19.458s] INFO:colcon.colcon_core.shell:Creating package script '/home/jaguar/桌面/A10_Dual_Linux/install/a10_dual/share/a10_dual/package.zsh'
[19.459s] Level 1:colcon.colcon_core.environment:create_file_with_runtime_dependencies(/home/jaguar/桌面/A10_Dual_Linux/install/a10_dual/share/colcon-core/packages/a10_dual)
[19.615s] Level 1:colcon.colcon_core.environment:create_environment_scripts_only(a10_dual)
[19.616s] Level 1:colcon.colcon_core.environment:checking '/home/jaguar/桌面/A10_Dual_Linux/install/a10_dual' for CMake module files
[19.617s] Level 1:colcon.colcon_core.environment:checking '/home/jaguar/桌面/A10_Dual_Linux/install/a10_dual' for CMake config files
[19.618s] Level 1:colcon.colcon_core.shell:create_environment_hook('a10_dual', 'cmake_prefix_path')
[19.618s] INFO:colcon.colcon_core.shell:Creating environment hook '/home/jaguar/桌面/A10_Dual_Linux/install/a10_dual/share/a10_dual/hook/cmake_prefix_path.ps1'
[19.619s] INFO:colcon.colcon_core.shell:Creating environment descriptor '/home/jaguar/桌面/A10_Dual_Linux/install/a10_dual/share/a10_dual/hook/cmake_prefix_path.dsv'
[19.620s] INFO:colcon.colcon_core.shell:Creating environment hook '/home/jaguar/桌面/A10_Dual_Linux/install/a10_dual/share/a10_dual/hook/cmake_prefix_path.sh'
[19.621s] Level 1:colcon.colcon_core.environment:checking '/home/jaguar/桌面/A10_Dual_Linux/install/a10_dual/lib'
[19.621s] Level 1:colcon.colcon_core.environment:checking '/home/jaguar/桌面/A10_Dual_Linux/install/a10_dual/bin'
[19.621s] Level 1:colcon.colcon_core.environment:checking '/home/jaguar/桌面/A10_Dual_Linux/install/a10_dual/lib/pkgconfig/a10_dual.pc'
[19.622s] Level 1:colcon.colcon_core.environment:checking '/home/jaguar/桌面/A10_Dual_Linux/install/a10_dual/lib/python3.10/site-packages'
[19.622s] Level 1:colcon.colcon_core.environment:checking '/home/jaguar/桌面/A10_Dual_Linux/install/a10_dual/bin'
[19.622s] INFO:colcon.colcon_core.shell:Creating package script '/home/jaguar/桌面/A10_Dual_Linux/install/a10_dual/share/a10_dual/package.ps1'
[19.623s] INFO:colcon.colcon_core.shell:Creating package descriptor '/home/jaguar/桌面/A10_Dual_Linux/install/a10_dual/share/a10_dual/package.dsv'
[19.624s] INFO:colcon.colcon_core.shell:Creating package script '/home/jaguar/桌面/A10_Dual_Linux/install/a10_dual/share/a10_dual/package.sh'
[19.625s] INFO:colcon.colcon_core.shell:Creating package script '/home/jaguar/桌面/A10_Dual_Linux/install/a10_dual/share/a10_dual/package.bash'
[19.626s] INFO:colcon.colcon_core.shell:Creating package script '/home/jaguar/桌面/A10_Dual_Linux/install/a10_dual/share/a10_dual/package.zsh'
[19.627s] Level 1:colcon.colcon_core.environment:create_file_with_runtime_dependencies(/home/jaguar/桌面/A10_Dual_Linux/install/a10_dual/share/colcon-core/packages/a10_dual)
[19.628s] DEBUG:colcon.colcon_parallel_executor.executor.parallel:closing loop
[19.630s] DEBUG:colcon.colcon_parallel_executor.executor.parallel:loop closed
[19.631s] DEBUG:colcon.colcon_parallel_executor.executor.parallel:run_until_complete finished with '0'
[19.631s] DEBUG:colcon.colcon_core.event_reactor:joining thread
[19.649s] INFO:colcon.colcon_core.plugin_system:Skipping extension 'colcon_notification.desktop_notification.terminal_notifier': Not used on non-Darwin systems
[19.649s] INFO:colcon.colcon_core.plugin_system:Skipping extension 'colcon_notification.desktop_notification.win32': Not used on non-Windows systems
[19.649s] INFO:colcon.colcon_notification.desktop_notification:Sending desktop notification using 'notify2'
[19.676s] DEBUG:colcon.colcon_core.event_reactor:joined thread
[19.676s] INFO:colcon.colcon_core.shell:Creating prefix script '/home/jaguar/桌面/A10_Dual_Linux/install/local_setup.ps1'
[19.677s] INFO:colcon.colcon_core.shell:Creating prefix util module '/home/jaguar/桌面/A10_Dual_Linux/install/_local_setup_util_ps1.py'
[19.681s] INFO:colcon.colcon_core.shell:Creating prefix chain script '/home/jaguar/桌面/A10_Dual_Linux/install/setup.ps1'
[19.683s] INFO:colcon.colcon_core.shell:Creating prefix script '/home/jaguar/桌面/A10_Dual_Linux/install/local_setup.sh'
[19.684s] INFO:colcon.colcon_core.shell:Creating prefix util module '/home/jaguar/桌面/A10_Dual_Linux/install/_local_setup_util_sh.py'
[19.688s] INFO:colcon.colcon_core.shell:Creating prefix chain script '/home/jaguar/桌面/A10_Dual_Linux/install/setup.sh'
[19.691s] INFO:colcon.colcon_core.shell:Creating prefix script '/home/jaguar/桌面/A10_Dual_Linux/install/local_setup.bash'
[19.693s] INFO:colcon.colcon_core.shell:Creating prefix chain script '/home/jaguar/桌面/A10_Dual_Linux/install/setup.bash'
[19.694s] INFO:colcon.colcon_core.shell:Creating prefix script '/home/jaguar/桌面/A10_Dual_Linux/install/local_setup.zsh'
[19.695s] INFO:colcon.colcon_core.shell:Creating prefix chain script '/home/jaguar/桌面/A10_Dual_Linux/install/setup.zsh'
