[0.536s] DEBUG:colcon:Command line arguments: ['/usr/bin/colcon', 'list', '-p', '--base-paths', '/home/jaguar/桌面/A10_Dual_Linux']
[0.536s] DEBUG:colcon:Parsed command line arguments: Namespace(log_base=None, log_level=None, verb_name='list', build_base='build', ignore_user_meta=False, metas=['./colcon.meta'], base_paths=['/home/jaguar/桌面/A10_Dual_Linux'], packages_ignore=None, packages_ignore_regex=None, paths=None, packages_up_to=None, packages_up_to_regex=None, packages_above=None, packages_above_and_dependencies=None, packages_above_depth=None, packages_select_by_dep=None, packages_skip_by_dep=None, packages_skip_up_to=None, packages_select_build_failed=False, packages_skip_build_finished=False, packages_select_test_failures=False, packages_skip_test_passed=False, packages_select=None, packages_skip=None, packages_select_regex=None, packages_skip_regex=None, packages_start=None, packages_end=None, allow_overriding=[], topological_order=False, names_only=False, paths_only=True, topological_graph=False, topological_graph_dot=False, topological_graph_density=False, topological_graph_legend=False, topological_graph_dot_cluster=False, topological_graph_dot_include_skipped=False, verb_parser=<colcon_defaults.argument_parser.defaults.DefaultArgumentsDecorator object at 0x7158d55e0850>, verb_extension=<colcon_package_information.verb.list.ListVerb object at 0x7158d579f8e0>, main=<bound method ListVerb.main of <colcon_package_information.verb.list.ListVerb object at 0x7158d579f8e0>>)
[1.294s] Level 1:colcon.colcon_core.package_discovery:discover_packages(colcon_meta) check parameters
[1.294s] Level 1:colcon.colcon_core.package_discovery:discover_packages(recursive) check parameters
[1.295s] Level 1:colcon.colcon_core.package_discovery:discover_packages(ignore) check parameters
[1.295s] Level 1:colcon.colcon_core.package_discovery:discover_packages(path) check parameters
[1.295s] Level 1:colcon.colcon_core.package_discovery:discover_packages(recursive) discover
[1.295s] INFO:colcon.colcon_core.package_discovery:Crawling recursively for packages in '/home/jaguar/桌面/A10_Dual_Linux'
[1.295s] Level 1:colcon.colcon_core.package_identification:_identify(/home/jaguar/桌面/A10_Dual_Linux) by extensions ['ignore', 'ignore_ament_install']
[1.296s] Level 1:colcon.colcon_core.package_identification:_identify(/home/jaguar/桌面/A10_Dual_Linux) by extension 'ignore'
[1.296s] Level 1:colcon.colcon_core.package_identification:_identify(/home/jaguar/桌面/A10_Dual_Linux) by extension 'ignore_ament_install'
[1.297s] Level 1:colcon.colcon_core.package_identification:_identify(/home/jaguar/桌面/A10_Dual_Linux) by extensions ['colcon_pkg']
[1.299s] Level 1:colcon.colcon_core.package_identification:_identify(/home/jaguar/桌面/A10_Dual_Linux) by extension 'colcon_pkg'
[1.301s] Level 1:colcon.colcon_core.package_identification:_identify(/home/jaguar/桌面/A10_Dual_Linux) by extensions ['colcon_meta']
[1.302s] Level 1:colcon.colcon_core.package_identification:_identify(/home/jaguar/桌面/A10_Dual_Linux) by extension 'colcon_meta'
[1.302s] Level 1:colcon.colcon_core.package_identification:_identify(/home/jaguar/桌面/A10_Dual_Linux) by extensions ['ros']
[1.302s] Level 1:colcon.colcon_core.package_identification:_identify(/home/jaguar/桌面/A10_Dual_Linux) by extension 'ros'
[1.331s] Level 1:colcon.colcon_core.package_identification:_identify(/home/jaguar/桌面/A10_Dual_Linux) by extensions ['cmake', 'python']
[1.332s] Level 1:colcon.colcon_core.package_identification:_identify(/home/jaguar/桌面/A10_Dual_Linux) by extension 'cmake'
[1.332s] Level 1:colcon.colcon_core.package_identification:_identify(/home/jaguar/桌面/A10_Dual_Linux) by extension 'python'
[1.332s] Level 1:colcon.colcon_core.package_identification:_identify(/home/jaguar/桌面/A10_Dual_Linux) by extensions ['python_setup_py']
[1.332s] Level 1:colcon.colcon_core.package_identification:_identify(/home/jaguar/桌面/A10_Dual_Linux) by extension 'python_setup_py'
[1.332s] Level 1:colcon.colcon_core.package_identification:_identify(/home/jaguar/桌面/A10_Dual_Linux/build) by extensions ['ignore', 'ignore_ament_install']
[1.333s] Level 1:colcon.colcon_core.package_identification:_identify(/home/jaguar/桌面/A10_Dual_Linux/build) by extension 'ignore'
[1.333s] Level 1:colcon.colcon_core.package_identification:_identify(/home/jaguar/桌面/A10_Dual_Linux/build) ignored
[1.333s] Level 1:colcon.colcon_core.package_identification:_identify(/home/jaguar/桌面/A10_Dual_Linux/install) by extensions ['ignore', 'ignore_ament_install']
[1.334s] Level 1:colcon.colcon_core.package_identification:_identify(/home/jaguar/桌面/A10_Dual_Linux/install) by extension 'ignore'
[1.334s] Level 1:colcon.colcon_core.package_identification:_identify(/home/jaguar/桌面/A10_Dual_Linux/install) ignored
[1.334s] Level 1:colcon.colcon_core.package_identification:_identify(/home/jaguar/桌面/A10_Dual_Linux/log) by extensions ['ignore', 'ignore_ament_install']
[1.334s] Level 1:colcon.colcon_core.package_identification:_identify(/home/jaguar/桌面/A10_Dual_Linux/log) by extension 'ignore'
[1.334s] Level 1:colcon.colcon_core.package_identification:_identify(/home/jaguar/桌面/A10_Dual_Linux/log) ignored
[1.335s] Level 1:colcon.colcon_core.package_identification:_identify(/home/jaguar/桌面/A10_Dual_Linux/src) by extensions ['ignore', 'ignore_ament_install']
[1.335s] Level 1:colcon.colcon_core.package_identification:_identify(/home/jaguar/桌面/A10_Dual_Linux/src) by extension 'ignore'
[1.335s] Level 1:colcon.colcon_core.package_identification:_identify(/home/jaguar/桌面/A10_Dual_Linux/src) by extension 'ignore_ament_install'
[1.335s] Level 1:colcon.colcon_core.package_identification:_identify(/home/jaguar/桌面/A10_Dual_Linux/src) by extensions ['colcon_pkg']
[1.335s] Level 1:colcon.colcon_core.package_identification:_identify(/home/jaguar/桌面/A10_Dual_Linux/src) by extension 'colcon_pkg'
[1.335s] Level 1:colcon.colcon_core.package_identification:_identify(/home/jaguar/桌面/A10_Dual_Linux/src) by extensions ['colcon_meta']
[1.335s] Level 1:colcon.colcon_core.package_identification:_identify(/home/jaguar/桌面/A10_Dual_Linux/src) by extension 'colcon_meta'
[1.336s] Level 1:colcon.colcon_core.package_identification:_identify(/home/jaguar/桌面/A10_Dual_Linux/src) by extensions ['ros']
[1.336s] Level 1:colcon.colcon_core.package_identification:_identify(/home/jaguar/桌面/A10_Dual_Linux/src) by extension 'ros'
[1.336s] Level 1:colcon.colcon_core.package_identification:_identify(/home/jaguar/桌面/A10_Dual_Linux/src) by extensions ['cmake', 'python']
[1.336s] Level 1:colcon.colcon_core.package_identification:_identify(/home/jaguar/桌面/A10_Dual_Linux/src) by extension 'cmake'
[1.336s] Level 1:colcon.colcon_core.package_identification:_identify(/home/jaguar/桌面/A10_Dual_Linux/src) by extension 'python'
[1.336s] Level 1:colcon.colcon_core.package_identification:_identify(/home/jaguar/桌面/A10_Dual_Linux/src) by extensions ['python_setup_py']
[1.337s] Level 1:colcon.colcon_core.package_identification:_identify(/home/jaguar/桌面/A10_Dual_Linux/src) by extension 'python_setup_py'
[1.337s] Level 1:colcon.colcon_core.package_identification:_identify(/home/jaguar/桌面/A10_Dual_Linux/src/a10_dual) by extensions ['ignore', 'ignore_ament_install']
[1.338s] Level 1:colcon.colcon_core.package_identification:_identify(/home/jaguar/桌面/A10_Dual_Linux/src/a10_dual) by extension 'ignore'
[1.338s] Level 1:colcon.colcon_core.package_identification:_identify(/home/jaguar/桌面/A10_Dual_Linux/src/a10_dual) by extension 'ignore_ament_install'
[1.338s] Level 1:colcon.colcon_core.package_identification:_identify(/home/jaguar/桌面/A10_Dual_Linux/src/a10_dual) by extensions ['colcon_pkg']
[1.338s] Level 1:colcon.colcon_core.package_identification:_identify(/home/jaguar/桌面/A10_Dual_Linux/src/a10_dual) by extension 'colcon_pkg'
[1.338s] Level 1:colcon.colcon_core.package_identification:_identify(/home/jaguar/桌面/A10_Dual_Linux/src/a10_dual) by extensions ['colcon_meta']
[1.339s] Level 1:colcon.colcon_core.package_identification:_identify(/home/jaguar/桌面/A10_Dual_Linux/src/a10_dual) by extension 'colcon_meta'
[1.339s] Level 1:colcon.colcon_core.package_identification:_identify(/home/jaguar/桌面/A10_Dual_Linux/src/a10_dual) by extensions ['ros']
[1.339s] Level 1:colcon.colcon_core.package_identification:_identify(/home/jaguar/桌面/A10_Dual_Linux/src/a10_dual) by extension 'ros'
[1.355s] DEBUG:colcon.colcon_core.package_identification:Package '/home/jaguar/桌面/A10_Dual_Linux/src/a10_dual' with type 'ros.ament_cmake' and name 'a10_dual'
[1.357s] Level 1:colcon.colcon_core.package_identification:_identify(/home/jaguar/桌面/A10_Dual_Linux/src/dualarm) by extensions ['ignore', 'ignore_ament_install']
[1.357s] Level 1:colcon.colcon_core.package_identification:_identify(/home/jaguar/桌面/A10_Dual_Linux/src/dualarm) by extension 'ignore'
[1.357s] Level 1:colcon.colcon_core.package_identification:_identify(/home/jaguar/桌面/A10_Dual_Linux/src/dualarm) by extension 'ignore_ament_install'
[1.357s] Level 1:colcon.colcon_core.package_identification:_identify(/home/jaguar/桌面/A10_Dual_Linux/src/dualarm) by extensions ['colcon_pkg']
[1.357s] Level 1:colcon.colcon_core.package_identification:_identify(/home/jaguar/桌面/A10_Dual_Linux/src/dualarm) by extension 'colcon_pkg'
[1.358s] Level 1:colcon.colcon_core.package_identification:_identify(/home/jaguar/桌面/A10_Dual_Linux/src/dualarm) by extensions ['colcon_meta']
[1.358s] Level 1:colcon.colcon_core.package_identification:_identify(/home/jaguar/桌面/A10_Dual_Linux/src/dualarm) by extension 'colcon_meta'
[1.358s] Level 1:colcon.colcon_core.package_identification:_identify(/home/jaguar/桌面/A10_Dual_Linux/src/dualarm) by extensions ['ros']
[1.358s] Level 1:colcon.colcon_core.package_identification:_identify(/home/jaguar/桌面/A10_Dual_Linux/src/dualarm) by extension 'ros'
[1.360s] DEBUG:colcon.colcon_core.package_identification:Package '/home/jaguar/桌面/A10_Dual_Linux/src/dualarm' with type 'ros.ament_cmake' and name 'dualarm'
[1.361s] Level 1:colcon.colcon_core.package_discovery:discover_packages(recursive) using defaults
